Determining if the pthread_create exist failed with the following output:
Change Dir: /home/hanna/wg-perception_ws/build/CMakeFiles/CMakeTmp

Run Build Command:"/usr/bin/make" "cmTC_144a3/fast"
/usr/bin/make -f CMakeFiles/cmTC_144a3.dir/build.make CMakeFiles/cmTC_144a3.dir/build
make[1]: Entering directory '/home/hanna/wg-perception_ws/build/CMakeFiles/CMakeTmp'
Building C object CMakeFiles/cmTC_144a3.dir/CheckSymbolExists.c.o
/usr/bin/cc     -o CMakeFiles/cmTC_144a3.dir/CheckSymbolExists.c.o   -c /home/hanna/wg-perception_ws/build/CMakeFiles/CMakeTmp/CheckSymbolExists.c
Linking C executable cmTC_144a3
/usr/bin/cmake -E cmake_link_script CMakeFiles/cmTC_144a3.dir/link.txt --verbose=1
/usr/bin/cc       CMakeFiles/cmTC_144a3.dir/CheckSymbolExists.c.o  -o cmTC_144a3 -rdynamic 
CMakeFiles/cmTC_144a3.dir/CheckSymbolExists.c.o: In function `main':
CheckSymbolExists.c:(.text+0x16): undefined reference to `pthread_create'
collect2: error: ld returned 1 exit status
CMakeFiles/cmTC_144a3.dir/build.make:97: recipe for target 'cmTC_144a3' failed
make[1]: *** [cmTC_144a3] Error 1
make[1]: Leaving directory '/home/hanna/wg-perception_ws/build/CMakeFiles/CMakeTmp'
Makefile:126: recipe for target 'cmTC_144a3/fast' failed
make: *** [cmTC_144a3/fast] Error 2

File /home/hanna/wg-perception_ws/build/CMakeFiles/CMakeTmp/CheckSymbolExists.c:
/* */
#include <pthread.h>

int main(int argc, char** argv)
{
  (void)argv;
#ifndef pthread_create
  return ((int*)(&pthread_create))[argc];
#else
  (void)argc;
  return 0;
#endif
}

Determining if the function pthread_create exists in the pthreads failed with the following output:
Change Dir: /home/hanna/wg-perception_ws/build/CMakeFiles/CMakeTmp

Run Build Command:"/usr/bin/make" "cmTC_0285f/fast"
/usr/bin/make -f CMakeFiles/cmTC_0285f.dir/build.make CMakeFiles/cmTC_0285f.dir/build
make[1]: Entering directory '/home/hanna/wg-perception_ws/build/CMakeFiles/CMakeTmp'
Building C object CMakeFiles/cmTC_0285f.dir/CheckFunctionExists.c.o
/usr/bin/cc    -DCHECK_FUNCTION_EXISTS=pthread_create   -o CMakeFiles/cmTC_0285f.dir/CheckFunctionExists.c.o   -c /usr/share/cmake-3.5/Modules/CheckFunctionExists.c
Linking C executable cmTC_0285f
/usr/bin/cmake -E cmake_link_script CMakeFiles/cmTC_0285f.dir/link.txt --verbose=1
/usr/bin/cc   -DCHECK_FUNCTION_EXISTS=pthread_create    CMakeFiles/cmTC_0285f.dir/CheckFunctionExists.c.o  -o cmTC_0285f -rdynamic -lpthreads 
/usr/bin/ld: cannot find -lpthreads
collect2: error: ld returned 1 exit status
CMakeFiles/cmTC_0285f.dir/build.make:97: recipe for target 'cmTC_0285f' failed
make[1]: *** [cmTC_0285f] Error 1
make[1]: Leaving directory '/home/hanna/wg-perception_ws/build/CMakeFiles/CMakeTmp'
Makefile:126: recipe for target 'cmTC_0285f/fast' failed
make: *** [cmTC_0285f/fast] Error 2


